1615772775223	mozrunner::runner	INFO	Running command: "D:\\Mozilla Firefox\\firefox.exe" "-marionette" "-foreground" "-no-remote" "-profile" "C:\\Users\\HELLOW~1\\AppData\\Local\\Temp\\rust_mozprofile.kY9hZuaA8yio"
JavaScript error: resource://gre/modules/XULStore.jsm, line 66: Error: Can't find profile directory.
1615772778366	Marionette	INFO	Listening on port 60025
1615772778465	Marionette	WARN	TLS certificate errors will be ignored for this session
JavaScript error: resource://gre/modules/AsyncShutdown.jsm, line 573: NS_ERROR_FAILURE
1615772807975	Marionette	INFO	Stopped listening on port 60025

###!!! [Child][RunMessage] Error: Channel closing: too late to send/recv, messages will be lost

1615772839795	mozrunner::runner	INFO	Running command: "D:\\Mozilla Firefox\\firefox.exe" "-marionette" "-foreground" "-no-remote" "-profile" "C:\\Users\\HELLOW~1\\AppData\\Local\\Temp\\rust_mozprofile.8YAkeoiwt6UW"
JavaScript error: resource://gre/modules/XULStore.jsm, line 66: Error: Can't find profile directory.
1615772843029	Marionette	INFO	Listening on port 60209
1615772843494	Marionette	WARN	TLS certificate errors will be ignored for this session
JavaScript error: resource://gre/modules/AsyncShutdown.jsm, line 573: NS_ERROR_FAILURE
1615772885827	Marionette	INFO	Stopped listening on port 60209

###!!! [Child][RunMessage] Error: Channel closing: too late to send/recv, messages will be lost

1615772895432	mozrunner::runner	INFO	Running command: "D:\\Mozilla Firefox\\firefox.exe" "-marionette" "-foreground" "-no-remote" "-profile" "C:\\Users\\HELLOW~1\\AppData\\Local\\Temp\\rust_mozprofile.5X6TJAx9xe7p"
JavaScript error: resource://gre/modules/XULStore.jsm, line 66: Error: Can't find profile directory.
1615772898668	Marionette	INFO	Listening on port 60379
1615772899113	Marionette	WARN	TLS certificate errors will be ignored for this session
1615772956634	mozrunner::runner	INFO	Running c1615773010106	Marionette	INFO	Stopped listening on port 60379

###!!! [Child][RunMessage] Error: Channel closing: too late to send/recv, messages will be lost

GTQ"
JavaScript error: resource://gre/modules/XULStore.jsm, line 66: Error: Can't find profile directory.
1615772959768	Marionette	INFO	Listening on port 60546
1615772959844	Marionette	WARN	TLS certificate errors will be ignored for this session
JavaScript error: , line 0: NS_ERROR_FAILURE
JavaScript warning: https://csdnimg.cn/public/common/libs/jquery/jquery-1.9.1.min.js, line 2: Using //@ to indicate sourceMappingURL pragmas is deprecated. Use //# instead
JavaScript warning: https://g.alicdn.com/AWSC/WebUMID/1.87.0/um.js, line 7: WebGL context was lost.
JavaScript warning: https://g.alicdn.com/AWSC/WebUMID/1.87.0/um.js, line 7: WebGL context was lost.
1615773255102	Marionette	INFO	Stopped listening on port 60546

###!!! [Child][RunMessage] Error: Channel closing: too late to send/recv, messages will be lost

e 573: NS_ERROR_FAILURE

###!!! [Child][RunMessage] Error: Channel closing: too late to send/recv, messages will be lost

1615773378225	mozrunner::runner	INFO	Running command: "D:\\Mozilla Firefox\\firefox.exe" "-marionette" "-foreground" "-no-remote" "-profile" "C:\\Users\\HELLOW~1\\AppData\\Local\\Temp\\rust_mozprofile.LIo2E4AkR3IY"
JavaScript error: resource://gre/modules/XULStore.jsm, line 66: Error: Can't find profile directory.
1615773381240	Marionette	INFO	Listening on port 61541
1615773381417	Marionette	WARN	TLS certificate errors will be ignored for this session
JavaScript error: resource://gre/modules/AsyncShutdown.jsm, line 573: NS_ERROR_FAILURE
1615773408900	Marionette	INFO	Stopped listening on port 61541

###!!! [Child][RunMessage] Error: Channel closing: too late to send/recv, messages will be lost

1615773449612	mozrunner::runner	INFO	Running command: "D:\\Mozilla Firefox\\firefox.exe" "-marionette" "-foreground" "-no-remote" "-profile" "C:\\Users\\HELLOW~1\\AppData\\Local\\Temp\\rust_mozprofile.1psShyiMWp0M"
JavaScript error: resource://gre/modules/XULStore.jsm, line 66: Error: Can't find profile directory.
1615773452840	Marionette	INFO	Listening on port 61688
1615773453300	Marionette	WARN	TLS certificate errors will be ignored for this session
JavaScript error: , line 0: NS_ERROR_FAILURE
1615773946402	Marionette	INFO	Stopped listening on port 61688

###!!! [Child][RunMessage] Error: Channel closing: too late to send/recv, messages will be lost

1615775509647	geckodriver	INFO	Listening on 127.0.0.1:65298
1615775512697	mozrunner::runner	INFO	Running command: "D:\\Mozilla Firefox\\firefox.exe" "--marionette" "-foreground" "-no-remote" "-profile" "C:\\Users\\HELLOW~1\\AppData\\Local\\Temp\\rust_mozprofileZw1Ru8"
console.warn: SearchSettings: "get: No settings file exists, new profile?" (new Error("", "(unknown module)"))
1615775515406	Marionette	INFO	Listening on port 65306
1615775515927	Marionette	WARN	TLS certificate errors will be ignored for this session
JavaScript error: resource://gre/modules/AsyncShutdown.jsm, line 573: NS_ERROR_FAILURE
1615775529113	Marionette	INFO	Stopped listening on port 65306

###!!! [Child][RunMessage] Error: Channel closing: too late to send/recv, messages will be lost

1615775612037	geckodriver	INFO	Listening on 127.0.0.1:49462
1615775615056	mozrunner::runner	INFO	Running command: "D:\\Mozilla Firefox\\firefox.exe" "--marionette" "-foreground" "-no-remote" "-profile" "C:\\Users\\HELLOW~1\\AppData\\Local\\Temp\\rust_mozprofilehvcC0j"
console.warn: SearchSettings: "get: No settings file exists, new profile?" (new Error("", "(unknown module)"))
1615775617977	Marionette	INFO	Listening on port 49470
1615775618263	Marionette	WARN	TLS certificate errors will be ignored for this session
JavaScript error: resource://gre/modules/AsyncShutdown.jsm, line 573: NS_ERROR_FAILURE
1615775644392	Marionette	INFO	Stopped listening on port 49470

###!!! [Child][RunMessage] Error: Channel closing: too late to send/recv, messages will be lost

